Chking CurLocale:
LC_COLLATE=C;LC_CTYPE=Portuguese_Brazil.1252;LC_MONETARY=C;LC_NUMERIC=C;LC_TIME=C
Locale sucess
Parser Item --> Create item failed! ItemTmpId = ç,46201,59340,22393
[DBDataParser] Error:
./scripts/task/1231_c.lua:30: attempt to index global 'Me' (a nil value)
StackTrace:
./scripts/task/1231_c.lua Line:30 In function ChkComplexCond
./scripts/ui/sat_sd_for_parser.lua Line:251 In function ?
./scripts/ui/sat_sd_for_parser.lua Line:275 In function <./scripts/ui/sat_sd_for_parser.lua,266

[DBDataParser] Error:
./scripts/task/1232_c.lua:29: attempt to index global 'Me' (a nil value)
StackTrace:
./scripts/task/1232_c.lua Line:29 In function ChkComplexCond
./scripts/ui/sat_sd_for_parser.lua Line:251 In function ?
./scripts/ui/sat_sd_for_parser.lua Line:275 In function <./scripts/ui/sat_sd_for_parser.lua,266

[DBDataParser] Error:
./scripts/task/1233_c.lua:32: attempt to index global 'Me' (a nil value)
StackTrace:
./scripts/task/1233_c.lua Line:32 In function ChkComplexCond
./scripts/ui/sat_sd_for_parser.lua Line:251 In function ?
./scripts/ui/sat_sd_for_parser.lua Line:275 In function <./scripts/ui/sat_sd_for_parser.lua,266

[DBDataParser] Error:
./scripts/task/1236_c.lua:29: attempt to index global 'Me' (a nil value)
StackTrace:
./scripts/task/1236_c.lua Line:29 In function ChkComplexCond
./scripts/ui/sat_sd_for_parser.lua Line:251 In function ?
./scripts/ui/sat_sd_for_parser.lua Line:275 In function <./scripts/ui/sat_sd_for_parser.lua,266

[DBDataParser] Error:
./scripts/task/1237_c.lua:29: attempt to index global 'Me' (a nil value)
StackTrace:
./scripts/task/1237_c.lua Line:29 In function ChkComplexCond
./scripts/ui/sat_sd_for_parser.lua Line:251 In function ?
./scripts/ui/sat_sd_for_parser.lua Line:275 In function <./scripts/ui/sat_sd_for_parser.lua,266

[DBDataParser] Error:
./scripts/task/1240_c.lua:32: attempt to index global 'Me' (a nil value)
StackTrace:
./scripts/task/1240_c.lua Line:32 In function ChkComplexCond
./scripts/ui/sat_sd_for_parser.lua Line:251 In function ?
./scripts/ui/sat_sd_for_parser.lua Line:275 In function <./scripts/ui/sat_sd_for_parser.lua,266

[DBDataParser] Error:
./scripts/task/1241_c.lua:29: attempt to index global 'Me' (a nil value)
StackTrace:
./scripts/task/1241_c.lua Line:29 In function ChkComplexCond
./scripts/ui/sat_sd_for_parser.lua Line:251 In function ?
./scripts/ui/sat_sd_for_parser.lua Line:275 In function <./scripts/ui/sat_sd_for_parser.lua,266

[DBDataParser] Error:
./scripts/task/1242_c.lua:32: attempt to index global 'Me' (a nil value)
StackTrace:
./scripts/task/1242_c.lua Line:32 In function ChkComplexCond
./scripts/ui/sat_sd_for_parser.lua Line:251 In function ?
./scripts/ui/sat_sd_for_parser.lua Line:275 In function <./scripts/ui/sat_sd_for_parser.lua,266

[DBDataParser] Error:
./scripts/task/1243_c.lua:32: attempt to index global 'Me' (a nil value)
StackTrace:
./scripts/task/1243_c.lua Line:32 In function ChkComplexCond
./scripts/ui/sat_sd_for_parser.lua Line:251 In function ?
./scripts/ui/sat_sd_for_parser.lua Line:275 In function <./scripts/ui/sat_sd_for_parser.lua,266

[DBDataParser] Error:
./scripts/task/1244_c.lua:32: attempt to index global 'Me' (a nil value)
StackTrace:
./scripts/task/1244_c.lua Line:32 In function ChkComplexCond
./scripts/ui/sat_sd_for_parser.lua Line:251 In function ?
./scripts/ui/sat_sd_for_parser.lua Line:275 In function <./scripts/ui/sat_sd_for_parser.lua,266

[DBDataParser] Error:
./scripts/task/1245_c.lua:32: attempt to index global 'Me' (a nil value)
StackTrace:
./scripts/task/1245_c.lua Line:32 In function ChkComplexCond
./scripts/ui/sat_sd_for_parser.lua Line:251 In function ?
./scripts/ui/sat_sd_for_parser.lua Line:275 In function <./scripts/ui/sat_sd_for_parser.lua,266

[DBDataParser] Error:
./scripts/task/1246_c.lua:29: attempt to index global 'Me' (a nil value)
StackTrace:
./scripts/task/1246_c.lua Line:29 In function ChkComplexCond
./scripts/ui/sat_sd_for_parser.lua Line:251 In function ?
./scripts/ui/sat_sd_for_parser.lua Line:275 In function <./scripts/ui/sat_sd_for_parser.lua,266

[DBDataParser] Error:
./scripts/task/1247_c.lua:32: attempt to index global 'Me' (a nil value)
StackTrace:
./scripts/task/1247_c.lua Line:32 In function ChkComplexCond
./scripts/ui/sat_sd_for_parser.lua Line:251 In function ?
./scripts/ui/sat_sd_for_parser.lua Line:275 In function <./scripts/ui/sat_sd_for_parser.lua,266

[DBDataParser] Error:
./scripts/task/1248_c.lua:32: attempt to index global 'Me' (a nil value)
StackTrace:
./scripts/task/1248_c.lua Line:32 In function ChkComplexCond
./scripts/ui/sat_sd_for_parser.lua Line:251 In function ?
./scripts/ui/sat_sd_for_parser.lua Line:275 In function <./scripts/ui/sat_sd_for_parser.lua,266

[DBDataParser] Error:
./scripts/task/1250_c.lua:29: attempt to index global 'Me' (a nil value)
StackTrace:
./scripts/task/1250_c.lua Line:29 In function ChkComplexCond
./scripts/ui/sat_sd_for_parser.lua Line:251 In function ?
./scripts/ui/sat_sd_for_parser.lua Line:275 In function <./scripts/ui/sat_sd_for_parser.lua,266

[DBDataParser] Error:
./scripts/task/1251_c.lua:29: attempt to index global 'Me' (a nil value)
StackTrace:
./scripts/task/1251_c.lua Line:29 In function ChkComplexCond
./scripts/ui/sat_sd_for_parser.lua Line:251 In function ?
./scripts/ui/sat_sd_for_parser.lua Line:275 In function <./scripts/ui/sat_sd_for_parser.lua,266

[DBDataParser] Error:
./scripts/task/1252_c.lua:29: attempt to index global 'Me' (a nil value)
StackTrace:
./scripts/task/1252_c.lua Line:29 In function ChkComplexCond
./scripts/ui/sat_sd_for_parser.lua Line:251 In function ?
./scripts/ui/sat_sd_for_parser.lua Line:275 In function <./scripts/ui/sat_sd_for_parser.lua,266

[DBDataParser] Error:
./scripts/task/1254_c.lua:29: attempt to index global 'Me' (a nil value)
StackTrace:
./scripts/task/1254_c.lua Line:29 In function ChkComplexCond
./scripts/ui/sat_sd_for_parser.lua Line:251 In function ?
./scripts/ui/sat_sd_for_parser.lua Line:275 In function <./scripts/ui/sat_sd_for_parser.lua,266

[DBDataParser] Error:
./scripts/task/1256_c.lua:29: attempt to index global 'Me' (a nil value)
StackTrace:
./scripts/task/1256_c.lua Line:29 In function ChkComplexCond
./scripts/ui/sat_sd_for_parser.lua Line:251 In function ?
./scripts/ui/sat_sd_for_parser.lua Line:275 In function <./scripts/ui/sat_sd_for_parser.lua,266

[DBDataParser] Error:
./scripts/task/1259_c.lua:32: attempt to index global 'Me' (a nil value)
StackTrace:
./scripts/task/1259_c.lua Line:32 In function ChkComplexCond
./scripts/ui/sat_sd_for_parser.lua Line:251 In function ?
./scripts/ui/sat_sd_for_parser.lua Line:275 In function <./scripts/ui/sat_sd_for_parser.lua,266

[DBDataParser] Error:
./scripts/task/1260_c.lua:32: attempt to index global 'Me' (a nil value)
StackTrace:
./scripts/task/1260_c.lua Line:32 In function ChkComplexCond
./scripts/ui/sat_sd_for_parser.lua Line:251 In function ?
./scripts/ui/sat_sd_for_parser.lua Line:275 In function <./scripts/ui/sat_sd_for_parser.lua,266

[DBDataParser] Error:
./scripts/task/1261_c.lua:32: attempt to index global 'Me' (a nil value)
StackTrace:
./scripts/task/1261_c.lua Line:32 In function ChkComplexCond
./scripts/ui/sat_sd_for_parser.lua Line:251 In function ?
./scripts/ui/sat_sd_for_parser.lua Line:275 In function <./scripts/ui/sat_sd_for_parser.lua,266

[DBDataParser] Error:
./scripts/task/1262_c.lua:29: attempt to index global 'Me' (a nil value)
StackTrace:
./scripts/task/1262_c.lua Line:29 In function ChkComplexCond
./scripts/ui/sat_sd_for_parser.lua Line:251 In function ?
./scripts/ui/sat_sd_for_parser.lua Line:275 In function <./scripts/ui/sat_sd_for_parser.lua,266

[DBDataParser] Error:
./scripts/task/2607_c.lua:40: attempt to index global 'Me' (a nil value)
StackTrace:
./scripts/task/2607_c.lua Line:40 In function ChkComplexCond
./scripts/ui/sat_sd_for_parser.lua Line:251 In function ?
./scripts/ui/sat_sd_for_parser.lua Line:275 In function <./scripts/ui/sat_sd_for_parser.lua,266

[DBDataParser] Error:
./scripts/task/2739_c.lua:55: attempt to index global 'Me' (a nil value)
StackTrace:
./scripts/task/2739_c.lua Line:55 In function ChkComplexCond
./scripts/ui/sat_sd_for_parser.lua Line:251 In function ?
./scripts/ui/sat_sd_for_parser.lua Line:275 In function <./scripts/ui/sat_sd_for_parser.lua,266

